2024-01-15 08:15:23 | 203.0.113.50 | 192.168.1.10 | public | FAILED
2024-01-15 08:15:45 | 203.0.113.50 | 192.168.1.10 | private | FAILED
2024-01-15 08:16:12 | 203.0.113.50 | 192.168.1.10 | admin | FAILED
2024-01-15 08:16:34 | 203.0.113.50 | 192.168.1.10 | admin123 | SUCCESS
2024-01-15 08:17:01 | 203.0.113.50 | 192.168.1.15 | public | FAILED
2024-01-15 08:17:28 | 203.0.113.50 | 192.168.1.15 | password | FAILED
2024-01-15 08:17:56 | 203.0.113.50 | 192.168.1.15 | secret | SUCCESS
2024-01-15 08:18:23 | 203.0.113.50 | 192.168.1.20 | public | FAILED
2024-01-15 08:18:47 | 203.0.113.50 | 192.168.1.20 | community | FAILED
2024-01-15 08:19:15 | 203.0.113.50 | 192.168.1.20 | monitor | SUCCESS
2024-01-15 08:19:42 | 203.0.113.50 | 192.168.1.25 | public | FAILED
2024-01-15 08:20:08 | 203.0.113.50 | 192.168.1.25 | default | FAILED
2024-01-15 08:20:35 | 203.0.113.50 | 192.168.1.25 | root | FAILED
2024-01-15 08:21:02 | 203.0.113.50 | 192.168.1.30 | public | FAILED
2024-01-15 08:21:29 | 203.0.113.50 | 192.168.1.30 | admin123 | SUCCESS
2024-01-15 08:21:56 | 203.0.113.50 | 10.0.0.5 | private | FAILED
2024-01-15 08:22:23 | 203.0.113.50 | 10.0.0.5 | password | FAILED
2024-01-15 08:22:51 | 203.0.113.50 | 10.0.0.5 | netops | SUCCESS
2024-01-15 08:23:18 | 203.0.113.50 | 10.0.0.10 | public | FAILED
2024-01-15 08:23:45 | 203.0.113.50 | 10.0.0.10 | community | FAILED
2024-01-15 08:24:12 | 203.0.113.50 | 10.0.0.10 | secret | SUCCESS
2024-01-15 08:24:39 | 203.0.113.50 | 10.0.0.15 | public | FAILED
2024-01-15 08:25:06 | 203.0.113.50 | 10.0.0.15 | admin | FAILED
2024-01-15 08:25:33 | 203.0.113.50 | 10.0.0.15 | monitor | SUCCESS
2024-01-15 08:26:01 | 203.0.113.50 | 10.0.0.20 | default | FAILED
2024-01-15 08:26:28 | 203.0.113.50 | 10.0.0.20 | root | FAILED
2024-01-15 08:26:55 | 203.0.113.50 | 10.0.0.20 | netops | SUCCESS
2024-01-15 08:27:22 | 203.0.113.50 | 192.168.1.35 | public | FAILED
2024-01-15 08:27:49 | 203.0.113.50 | 192.168.1.35 | private | FAILED
2024-01-15 08:28:16 | 203.0.113.50 | 192.168.1.35 | backup2024 | SUCCESS
2024-01-15 08:28:43 | 203.0.113.50 | 192.168.1.40 | public | FAILED
2024-01-15 08:29:10 | 203.0.113.50 | 192.168.1.40 | password | FAILED
2024-01-15 08:29:37 | 203.0.113.50 | 192.168.1.40 | admin123 | SUCCESS
2024-01-15 09:05:15 | 203.0.113.50 | 192.168.1.45 | public | FAILED
2024-01-15 09:05:42 | 203.0.113.50 | 192.168.1.45 | community | FAILED
2024-01-15 09:06:09 | 203.0.113.50 | 192.168.1.45 | secret | SUCCESS
2024-01-15 09:06:36 | 203.0.113.50 | 192.168.1.50 | default | FAILED
2024-01-15 09:07:03 | 203.0.113.50 | 192.168.1.50 | root | FAILED
2024-01-15 09:07:30 | 203.0.113.50 | 192.168.1.50 | monitor | SUCCESS
2024-01-15 09:07:57 | 203.0.113.50 | 10.0.0.25 | public | FAILED
2024-01-15 09:08:24 | 203.0.113.50 | 10.0.0.25 | private | FAILED
2024-01-15 09:08:51 | 203.0.113.50 | 10.0.0.25 | admin | FAILED
2024-01-15 09:09:18 | 203.0.113.50 | 10.0.0.30 | public | FAILED
2024-01-15 09:09:45 | 203.0.113.50 | 10.0.0.30 | password | FAILED
2024-01-15 09:10:12 | 203.0.113.50 | 10.0.0.30 | backup2024 | SUCCESS
2024-01-15 09:10:39 | 203.0.113.50 | 10.0.0.35 | community | FAILED
2024-01-15 09:11:06 | 203.0.113.50 | 10.0.0.35 | default | FAILED
2024-01-15 09:11:33 | 203.0.113.50 | 10.0.0.35 | netops | SUCCESS
2024-01-15 09:12:00 | 203.0.113.50 | 192.168.1.55 | public | FAILED
2024-01-15 09:12:27 | 203.0.113.50 | 192.168.1.55 | private | FAILED
2024-01-15 09:12:54 | 203.0.113.50 | 192.168.1.55 | root | FAILED
2024-01-15 09:13:21 | 203.0.113.50 | 192.168.1.60 | admin | FAILED
2024-01-15 09:13:48 | 203.0.113.50 | 192.168.1.60 | admin123 | SUCCESS
2024-01-15 09:14:15 | 203.0.113.50 | 192.168.1.65 | public | FAILED
2024-01-15 09:14:42 | 203.0.113.50 | 192.168.1.65 | password | FAILED
2024-01-15 09:15:09 | 203.0.113.50 | 192.168.1.65 | secret | SUCCESS
2024-01-15 10:32:14 | 203.0.113.50 | 10.0.0.40 | public | FAILED
2024-01-15 10:32:41 | 203.0.113.50 | 10.0.0.40 | community | FAILED
2024-01-15 10:33:08 | 203.0.113.50 | 10.0.0.40 | backup2024 | SUCCESS
2024-01-15 10:33:35 | 203.0.113.50 | 10.0.0.45 | default | FAILED
2024-01-15 10:34:02 | 203.0.113.50 | 10.0.0.45 | root | FAILED
2024-01-15 10:34:29 | 203.0.113.50 | 10.0.0.45 | monitor | SUCCESS
2024-01-15 10:34:56 | 203.0.113.50 | 192.168.1.70 | public | FAILED
2024-01-15 10:35:23 | 203.0.113.50 | 192.168.1.70 | private | FAILED
2024-01-15 10:35:50 | 203.0.113.50 | 192.168.1.70 | admin | FAILED
2024-01-15 10:36:17 | 203.0.113.50 | 192.168.1.75 | password | FAILED
2024-01-15 10:36:44 | 203.0.113.50 | 192.168.1.75 | netops | SUCCESS
2024-01-15 10:37:11 | 203.0.113.50 | 192.168.1.80 | public | FAILED
2024-01-15 10:37:38 | 203.0.113.50 | 192.168.1.80 | community | FAILED
2024-01-15 10:38:05 | 203.0.113.50 | 192.168.1.80 | secret | SUCCESS
2024-01-15 10:38:32 | 203.0.113.50 | 10.0.0.50 | default | FAILED
2024-01-15 10:38:59 | 203.0.113.50 | 10.0.0.50 | root | FAILED
2024-01-15 10:39:26 | 203.0.113.50 | 10.0.0.50 | admin123 | SUCCESS
2024-01-15 10:39:53 | 203.0.113.50 | 10.0.0.55 | public | FAILED
2024-01-15 10:40:20 | 203.0.113.50 | 10.0.0.55 | private | FAILED
2024-01-15 10:40:47 | 203.0.113.50 | 10.0.0.55 | password | FAILED
2024-01-15 10:41:14 | 203.0.113.50 | 192.168.1.85 | admin | FAILED
2024-01-15 10:41:41 | 203.0.113.50 | 192.168.1.85 | backup2024 | SUCCESS
2024-01-15 11:15:22 | 203.0.113.50 | 192.168.1.90 | public | FAILED
2024-01-15 11:15:49 | 203.0.113.50 | 192.168.1.90 | community | FAILED
2024-01-15 11:16:16 | 203.0.113.50 | 192.168.1.90 | monitor | SUCCESS
2024-01-15 11:16:43 | 203.0.113.50 | 192.168.1.95 | default | FAILED
2024-01-15 11:17:10 | 203.0.113.50 | 192.168.1.95 | root | FAILED
2024-01-15 11:17:37 | 203.0.113.50 | 192.168.1.95 | netops | SUCCESS
2024-01-15 11:18:04 | 203.0.113.50 | 10.0.0.60 | public | FAILED
2024-01-15 11:18:31 | 203.0.113.50 | 10.0.0.60 | private | FAILED
2024-01-15 11:18:58 | 203.0.113.50 | 10.0.0.60 | admin | FAILED
2024-01-15 11:19:25 | 203.0.113.50 | 10.0.0.65 | password | FAILED
2024-01-15 11:19:52 | 203.0.113.50 | 10.0.0.65 | secret | SUCCESS
2024-01-15 11:20:19 | 203.0.113.50 | 10.0.0.70 | public | FAILED
2024-01-15 11:20:46 | 203.0.113.50 | 10.0.0.70 | community | FAILED
2024-01-15 11:21:13 | 203.0.113.50 | 10.0.0.70 | default | FAILED
2024-01-15 11:21:40 | 203.0.113.50 | 192.168.1.100 | root | FAILED
2024-01-15 11:22:07 | 203.0.113.50 | 192.168.1.100 | admin123 | SUCCESS
2024-01-15 11:22:34 | 203.0.113.50 | 192.168.1.105 | public | FAILED
2024-01-15 11:23:01 | 203.0.113.50 | 192.168.1.105 | private | FAILED
2024-01-15 11:23:28 | 203.0.113.50 | 192.168.1.105 | backup2024 | SUCCESS